<?xml version="1.0" encoding="UTF-8"?>
<testng-results skipped="0" failed="0" ignored="0" total="1" passed="1">
  <reporter-output>
  </reporter-output>
  <suite name="Default suite" duration-ms="22973" started-at="2021-01-13T17:56:30 IST" finished-at="2021-01-13T17:56:53 IST">
    <groups>
    </groups>
    <test name="Default test" duration-ms="22973" started-at="2021-01-13T17:56:30 IST" finished-at="2021-01-13T17:56:53 IST">
      <class name="mvnOpenBrowser.MvnBrowser">
        <test-method status="PASS" signature="setUp()[pri:0, instance:mvnOpenBrowser.MvnBrowser@a7e666]" name="setUp" is-config="true" duration-ms="4586" started-at="2021-01-13T17:56:30 IST" finished-at="2021-01-13T17:56:35 IST">
          <reporter-output>
          </reporter-output>
        </test-method> <!-- setUp -->
        <test-method status="PASS" signature="openBrowser()[pri:0, instance:mvnOpenBrowser.MvnBrowser@a7e666]" name="openBrowser" duration-ms="18189" started-at="2021-01-13T17:56:35 IST" finished-at="2021-01-13T17:56:53 IST">
          <reporter-output>
          </reporter-output>
        </test-method> <!-- openBrowser -->
        <test-method status="PASS" signature="tearDown()[pri:0, instance:mvnOpenBrowser.MvnBrowser@a7e666]" name="tearDown" is-config="true" duration-ms="138" started-at="2021-01-13T17:56:53 IST" finished-at="2021-01-13T17:56:53 IST">
          <reporter-output>
          </reporter-output>
        </test-method> <!-- tearDown -->
      </class> <!-- mvnOpenBrowser.MvnBrowser -->
    </test> <!-- Default test -->
  </suite> <!-- Default suite -->
</testng-results>
